[2015-01-15 07:54:44] production.ERROR: exception 'ErrorException' with message 'get_class() expects parameter 1 to be object, string given' in D:\WWW\test\laravel-master\app\routes.php:14
Stack trace:
#0 [internal function]: Illuminate\Exception\Handler->handleError(2, 'get_class() exp...', 'D:\\WWW\\test\\lar...', 14, Array)
#1 D:\WWW\test\laravel-master\app\routes.php(14): get_class('View')
#2 D:\WWW\test\laravel-master\vendor\laravel\framework\src\Illuminate\Foundation\start.php(269): require('D:\\WWW\\test\\lar...')
#3 [internal function]: {closure}(Object(Illuminate\Foundation\Application))
#4 D:\WWW\test\laravel-master\bootstrap\compiled.php(736): call_user_func(Object(Closure), Object(Illuminate\Foundation\Application))
#5 D:\WWW\test\laravel-master\bootstrap\compiled.php(641): Illuminate\Foundation\Application->fireAppCallbacks(Array)
#6 D:\WWW\test\laravel-master\bootstrap\compiled.php(635): Illuminate\Foundation\Application->bootApplication()
#7 D:\WWW\test\laravel-master\bootstrap\compiled.php(695): Illuminate\Foundation\Application->boot()
#8 D:\WWW\test\laravel-master\bootstrap\compiled.php(7812): Illuminate\Foundation\Application->handle(Object(Illuminate\Http\Request), 1, true)
#9 D:\WWW\test\laravel-master\bootstrap\compiled.php(8419): Illuminate\Session\Middleware->handle(Object(Illuminate\Http\Request), 1, true)
#10 D:\WWW\test\laravel-master\bootstrap\compiled.php(8366): Illuminate\Cookie\Queue->handle(Object(Illuminate\Http\Request), 1, true)
#11 D:\WWW\test\laravel-master\bootstrap\compiled.php(11029): Illuminate\Cookie\Guard->handle(Object(Illuminate\Http\Request), 1, true)
#12 D:\WWW\test\laravel-master\bootstrap\compiled.php(657): Stack\StackedHttpKernel->handle(Object(Illuminate\Http\Request))
#13 D:\WWW\test\laravel-master\public\index.php(49): Illuminate\Foundation\Application->run()
#14 {main} [] []
[2015-01-15 07:54:58] production.ERROR: exception 'ErrorException' with message 'Use of undefined constant View - assumed 'View'' in D:\WWW\test\laravel-master\app\routes.php:14
Stack trace:
#0 D:\WWW\test\laravel-master\app\routes.php(14): Illuminate\Exception\Handler->handleError(8, 'Use of undefine...', 'D:\\WWW\\test\\lar...', 14, Array)
#1 D:\WWW\test\laravel-master\vendor\laravel\framework\src\Illuminate\Foundation\start.php(269): require('D:\\WWW\\test\\lar...')
#2 [internal function]: {closure}(Object(Illuminate\Foundation\Application))
#3 D:\WWW\test\laravel-master\bootstrap\compiled.php(736): call_user_func(Object(Closure), Object(Illuminate\Foundation\Application))
#4 D:\WWW\test\laravel-master\bootstrap\compiled.php(641): Illuminate\Foundation\Application->fireAppCallbacks(Array)
#5 D:\WWW\test\laravel-master\bootstrap\compiled.php(635): Illuminate\Foundation\Application->bootApplication()
#6 D:\WWW\test\laravel-master\bootstrap\compiled.php(695): Illuminate\Foundation\Application->boot()
#7 D:\WWW\test\laravel-master\bootstrap\compiled.php(7812): Illuminate\Foundation\Application->handle(Object(Illuminate\Http\Request), 1, true)
#8 D:\WWW\test\laravel-master\bootstrap\compiled.php(8419): Illuminate\Session\Middleware->handle(Object(Illuminate\Http\Request), 1, true)
#9 D:\WWW\test\laravel-master\bootstrap\compiled.php(8366): Illuminate\Cookie\Queue->handle(Object(Illuminate\Http\Request), 1, true)
#10 D:\WWW\test\laravel-master\bootstrap\compiled.php(11029): Illuminate\Cookie\Guard->handle(Object(Illuminate\Http\Request), 1, true)
#11 D:\WWW\test\laravel-master\bootstrap\compiled.php(657): Stack\StackedHttpKernel->handle(Object(Illuminate\Http\Request))
#12 D:\WWW\test\laravel-master\public\index.php(49): Illuminate\Foundation\Application->run()
#13 {main} [] []
[2015-01-15 08:02:29] production.ERROR: exception 'Symfony\Component\HttpKernel\Exception\NotFoundHttpException' in D:\WWW\test\laravel-master\bootstrap\compiled.php:5738
Stack trace:
#0 D:\WWW\test\laravel-master\bootstrap\compiled.php(5060): Illuminate\Routing\RouteCollection->match(Object(Illuminate\Http\Request))
#1 D:\WWW\test\laravel-master\bootstrap\compiled.php(5048): Illuminate\Routing\Router->findRoute(Object(Illuminate\Http\Request))
#2 D:\WWW\test\laravel-master\bootstrap\compiled.php(5040): Illuminate\Routing\Router->dispatchToRoute(Object(Illuminate\Http\Request))
#3 D:\WWW\test\laravel-master\bootstrap\compiled.php(715): Illuminate\Routing\Router->dispatch(Object(Illuminate\Http\Request))
#4 D:\WWW\test\laravel-master\bootstrap\compiled.php(696): Illuminate\Foundation\Application->dispatch(Object(Illuminate\Http\Request))
#5 D:\WWW\test\laravel-master\bootstrap\compiled.php(7812): Illuminate\Foundation\Application->handle(Object(Illuminate\Http\Request), 1, true)
#6 D:\WWW\test\laravel-master\bootstrap\compiled.php(8419): Illuminate\Session\Middleware->handle(Object(Illuminate\Http\Request), 1, true)
#7 D:\WWW\test\laravel-master\bootstrap\compiled.php(8366): Illuminate\Cookie\Queue->handle(Object(Illuminate\Http\Request), 1, true)
#8 D:\WWW\test\laravel-master\bootstrap\compiled.php(11029): Illuminate\Cookie\Guard->handle(Object(Illuminate\Http\Request), 1, true)
#9 D:\WWW\test\laravel-master\bootstrap\compiled.php(657): Stack\StackedHttpKernel->handle(Object(Illuminate\Http\Request))
#10 D:\WWW\test\laravel-master\public\index.php(49): Illuminate\Foundation\Application->run()
#11 {main} [] []
[2015-01-15 08:04:34] production.ERROR: exception 'Symfony\Component\HttpKernel\Exception\NotFoundHttpException' in D:\WWW\test\laravel-master\bootstrap\compiled.php:5738
Stack trace:
#0 D:\WWW\test\laravel-master\bootstrap\compiled.php(5060): Illuminate\Routing\RouteCollection->match(Object(Illuminate\Http\Request))
#1 D:\WWW\test\laravel-master\bootstrap\compiled.php(5048): Illuminate\Routing\Router->findRoute(Object(Illuminate\Http\Request))
#2 D:\WWW\test\laravel-master\bootstrap\compiled.php(5040): Illuminate\Routing\Router->dispatchToRoute(Object(Illuminate\Http\Request))
#3 D:\WWW\test\laravel-master\bootstrap\compiled.php(715): Illuminate\Routing\Router->dispatch(Object(Illuminate\Http\Request))
#4 D:\WWW\test\laravel-master\bootstrap\compiled.php(696): Illuminate\Foundation\Application->dispatch(Object(Illuminate\Http\Request))
#5 D:\WWW\test\laravel-master\bootstrap\compiled.php(7812): Illuminate\Foundation\Application->handle(Object(Illuminate\Http\Request), 1, true)
#6 D:\WWW\test\laravel-master\bootstrap\compiled.php(8419): Illuminate\Session\Middleware->handle(Object(Illuminate\Http\Request), 1, true)
#7 D:\WWW\test\laravel-master\bootstrap\compiled.php(8366): Illuminate\Cookie\Queue->handle(Object(Illuminate\Http\Request), 1, true)
#8 D:\WWW\test\laravel-master\bootstrap\compiled.php(11029): Illuminate\Cookie\Guard->handle(Object(Illuminate\Http\Request), 1, true)
#9 D:\WWW\test\laravel-master\bootstrap\compiled.php(657): Stack\StackedHttpKernel->handle(Object(Illuminate\Http\Request))
#10 D:\WWW\test\laravel-master\public\index.php(49): Illuminate\Foundation\Application->run()
#11 {main} [] []
[2015-01-15 08:05:04] production.ERROR: exception 'Symfony\Component\HttpKernel\Exception\NotFoundHttpException' in D:\WWW\test\laravel-master\bootstrap\compiled.php:5738
Stack trace:
#0 D:\WWW\test\laravel-master\bootstrap\compiled.php(5060): Illuminate\Routing\RouteCollection->match(Object(Illuminate\Http\Request))
#1 D:\WWW\test\laravel-master\bootstrap\compiled.php(5048): Illuminate\Routing\Router->findRoute(Object(Illuminate\Http\Request))
#2 D:\WWW\test\laravel-master\bootstrap\compiled.php(5040): Illuminate\Routing\Router->dispatchToRoute(Object(Illuminate\Http\Request))
#3 D:\WWW\test\laravel-master\bootstrap\compiled.php(715): Illuminate\Routing\Router->dispatch(Object(Illuminate\Http\Request))
#4 D:\WWW\test\laravel-master\bootstrap\compiled.php(696): Illuminate\Foundation\Application->dispatch(Object(Illuminate\Http\Request))
#5 D:\WWW\test\laravel-master\bootstrap\compiled.php(7812): Illuminate\Foundation\Application->handle(Object(Illuminate\Http\Request), 1, true)
#6 D:\WWW\test\laravel-master\bootstrap\compiled.php(8419): Illuminate\Session\Middleware->handle(Object(Illuminate\Http\Request), 1, true)
#7 D:\WWW\test\laravel-master\bootstrap\compiled.php(8366): Illuminate\Cookie\Queue->handle(Object(Illuminate\Http\Request), 1, true)
#8 D:\WWW\test\laravel-master\bootstrap\compiled.php(11029): Illuminate\Cookie\Guard->handle(Object(Illuminate\Http\Request), 1, true)
#9 D:\WWW\test\laravel-master\bootstrap\compiled.php(657): Stack\StackedHttpKernel->handle(Object(Illuminate\Http\Request))
#10 D:\WWW\test\laravel-master\public\index.php(49): Illuminate\Foundation\Application->run()
#11 {main} [] []
[2015-01-15 08:05:07] production.ERROR: exception 'Symfony\Component\HttpKernel\Exception\NotFoundHttpException' in D:\WWW\test\laravel-master\bootstrap\compiled.php:5738
Stack trace:
#0 D:\WWW\test\laravel-master\bootstrap\compiled.php(5060): Illuminate\Routing\RouteCollection->match(Object(Illuminate\Http\Request))
#1 D:\WWW\test\laravel-master\bootstrap\compiled.php(5048): Illuminate\Routing\Router->findRoute(Object(Illuminate\Http\Request))
#2 D:\WWW\test\laravel-master\bootstrap\compiled.php(5040): Illuminate\Routing\Router->dispatchToRoute(Object(Illuminate\Http\Request))
#3 D:\WWW\test\laravel-master\bootstrap\compiled.php(715): Illuminate\Routing\Router->dispatch(Object(Illuminate\Http\Request))
#4 D:\WWW\test\laravel-master\bootstrap\compiled.php(696): Illuminate\Foundation\Application->dispatch(Object(Illuminate\Http\Request))
#5 D:\WWW\test\laravel-master\bootstrap\compiled.php(7812): Illuminate\Foundation\Application->handle(Object(Illuminate\Http\Request), 1, true)
#6 D:\WWW\test\laravel-master\bootstrap\compiled.php(8419): Illuminate\Session\Middleware->handle(Object(Illuminate\Http\Request), 1, true)
#7 D:\WWW\test\laravel-master\bootstrap\compiled.php(8366): Illuminate\Cookie\Queue->handle(Object(Illuminate\Http\Request), 1, true)
#8 D:\WWW\test\laravel-master\bootstrap\compiled.php(11029): Illuminate\Cookie\Guard->handle(Object(Illuminate\Http\Request), 1, true)
#9 D:\WWW\test\laravel-master\bootstrap\compiled.php(657): Stack\StackedHttpKernel->handle(Object(Illuminate\Http\Request))
#10 D:\WWW\test\laravel-master\public\index.php(49): Illuminate\Foundation\Application->run()
#11 {main} [] []
[2015-01-15 08:05:16] production.ERROR: exception 'Symfony\Component\HttpKernel\Exception\NotFoundHttpException' in D:\WWW\test\laravel-master\bootstrap\compiled.php:5738
Stack trace:
#0 D:\WWW\test\laravel-master\bootstrap\compiled.php(5060): Illuminate\Routing\RouteCollection->match(Object(Illuminate\Http\Request))
#1 D:\WWW\test\laravel-master\bootstrap\compiled.php(5048): Illuminate\Routing\Router->findRoute(Object(Illuminate\Http\Request))
#2 D:\WWW\test\laravel-master\bootstrap\compiled.php(5040): Illuminate\Routing\Router->dispatchToRoute(Object(Illuminate\Http\Request))
#3 D:\WWW\test\laravel-master\bootstrap\compiled.php(715): Illuminate\Routing\Router->dispatch(Object(Illuminate\Http\Request))
#4 D:\WWW\test\laravel-master\bootstrap\compiled.php(696): Illuminate\Foundation\Application->dispatch(Object(Illuminate\Http\Request))
#5 D:\WWW\test\laravel-master\bootstrap\compiled.php(7812): Illuminate\Foundation\Application->handle(Object(Illuminate\Http\Request), 1, true)
#6 D:\WWW\test\laravel-master\bootstrap\compiled.php(8419): Illuminate\Session\Middleware->handle(Object(Illuminate\Http\Request), 1, true)
#7 D:\WWW\test\laravel-master\bootstrap\compiled.php(8366): Illuminate\Cookie\Queue->handle(Object(Illuminate\Http\Request), 1, true)
#8 D:\WWW\test\laravel-master\bootstrap\compiled.php(11029): Illuminate\Cookie\Guard->handle(Object(Illuminate\Http\Request), 1, true)
#9 D:\WWW\test\laravel-master\bootstrap\compiled.php(657): Stack\StackedHttpKernel->handle(Object(Illuminate\Http\Request))
#10 D:\WWW\test\laravel-master\public\index.php(49): Illuminate\Foundation\Application->run()
#11 {main} [] []
[2015-01-15 08:05:28] production.ERROR: exception 'Symfony\Component\HttpKernel\Exception\NotFoundHttpException' in D:\WWW\test\laravel-master\bootstrap\compiled.php:5738
Stack trace:
#0 D:\WWW\test\laravel-master\bootstrap\compiled.php(5060): Illuminate\Routing\RouteCollection->match(Object(Illuminate\Http\Request))
#1 D:\WWW\test\laravel-master\bootstrap\compiled.php(5048): Illuminate\Routing\Router->findRoute(Object(Illuminate\Http\Request))
#2 D:\WWW\test\laravel-master\bootstrap\compiled.php(5040): Illuminate\Routing\Router->dispatchToRoute(Object(Illuminate\Http\Request))
#3 D:\WWW\test\laravel-master\bootstrap\compiled.php(715): Illuminate\Routing\Router->dispatch(Object(Illuminate\Http\Request))
#4 D:\WWW\test\laravel-master\bootstrap\compiled.php(696): Illuminate\Foundation\Application->dispatch(Object(Illuminate\Http\Request))
#5 D:\WWW\test\laravel-master\bootstrap\compiled.php(7812): Illuminate\Foundation\Application->handle(Object(Illuminate\Http\Request), 1, true)
#6 D:\WWW\test\laravel-master\bootstrap\compiled.php(8419): Illuminate\Session\Middleware->handle(Object(Illuminate\Http\Request), 1, true)
#7 D:\WWW\test\laravel-master\bootstrap\compiled.php(8366): Illuminate\Cookie\Queue->handle(Object(Illuminate\Http\Request), 1, true)
#8 D:\WWW\test\laravel-master\bootstrap\compiled.php(11029): Illuminate\Cookie\Guard->handle(Object(Illuminate\Http\Request), 1, true)
#9 D:\WWW\test\laravel-master\bootstrap\compiled.php(657): Stack\StackedHttpKernel->handle(Object(Illuminate\Http\Request))
#10 D:\WWW\test\laravel-master\public\index.php(49): Illuminate\Foundation\Application->run()
#11 {main} [] []
[2015-01-15 08:06:23] production.ERROR: exception 'BadMethodCallException' with message 'Method [login] does not exist.' in D:\WWW\test\laravel-master\vendor\laravel\framework\src\Illuminate\Routing\Controller.php:268
Stack trace:
#0 [internal function]: Illuminate\Routing\Controller->__call('login', Array)
#1 [internal function]: UserController->login()
#2 D:\WWW\test\laravel-master\vendor\laravel\framework\src\Illuminate\Routing\Controller.php(231): call_user_func_array(Array, Array)
#3 D:\WWW\test\laravel-master\bootstrap\compiled.php(5834): Illuminate\Routing\Controller->callAction('login', Array)
#4 D:\WWW\test\laravel-master\bootstrap\compiled.php(5822): Illuminate\Routing\ControllerDispatcher->call(Object(UserController), Object(Illuminate\Routing\Route), 'login')
#5 D:\WWW\test\laravel-master\bootstrap\compiled.php(5027): Illuminate\Routing\ControllerDispatcher->dispatch(Object(Illuminate\Routing\Route), Object(Illuminate\Http\Request), 'userController', 'login')
#6 [internal function]: Illuminate\Routing\Router->Illuminate\Routing\{closure}()
#7 D:\WWW\test\laravel-master\bootstrap\compiled.php(5385): call_user_func_array(Object(Closure), Array)
#8 D:\WWW\test\laravel-master\bootstrap\compiled.php(5052): Illuminate\Routing\Route->run(Object(Illuminate\Http\Request))
#9 D:\WWW\test\laravel-master\bootstrap\compiled.php(5040): Illuminate\Routing\Router->dispatchToRoute(Object(Illuminate\Http\Request))
#10 D:\WWW\test\laravel-master\bootstrap\compiled.php(715): Illuminate\Routing\Router->dispatch(Object(Illuminate\Http\Request))
#11 D:\WWW\test\laravel-master\bootstrap\compiled.php(696): Illuminate\Foundation\Application->dispatch(Object(Illuminate\Http\Request))
#12 D:\WWW\test\laravel-master\bootstrap\compiled.php(7812): Illuminate\Foundation\Application->handle(Object(Illuminate\Http\Request), 1, true)
#13 D:\WWW\test\laravel-master\bootstrap\compiled.php(8419): Illuminate\Session\Middleware->handle(Object(Illuminate\Http\Request), 1, true)
#14 D:\WWW\test\laravel-master\bootstrap\compiled.php(8366): Illuminate\Cookie\Queue->handle(Object(Illuminate\Http\Request), 1, true)
#15 D:\WWW\test\laravel-master\bootstrap\compiled.php(11029): Illuminate\Cookie\Guard->handle(Object(Illuminate\Http\Request), 1, true)
#16 D:\WWW\test\laravel-master\bootstrap\compiled.php(657): Stack\StackedHttpKernel->handle(Object(Illuminate\Http\Request))
#17 D:\WWW\test\laravel-master\public\index.php(49): Illuminate\Foundation\Application->run()
#18 {main} [] []
[2015-01-15 08:07:00] production.ERROR: exception 'Symfony\Component\HttpKernel\Exception\NotFoundHttpException' in D:\WWW\test\laravel-master\bootstrap\compiled.php:5738
Stack trace:
#0 D:\WWW\test\laravel-master\bootstrap\compiled.php(5060): Illuminate\Routing\RouteCollection->match(Object(Illuminate\Http\Request))
#1 D:\WWW\test\laravel-master\bootstrap\compiled.php(5048): Illuminate\Routing\Router->findRoute(Object(Illuminate\Http\Request))
#2 D:\WWW\test\laravel-master\bootstrap\compiled.php(5040): Illuminate\Routing\Router->dispatchToRoute(Object(Illuminate\Http\Request))
#3 D:\WWW\test\laravel-master\bootstrap\compiled.php(715): Illuminate\Routing\Router->dispatch(Object(Illuminate\Http\Request))
#4 D:\WWW\test\laravel-master\bootstrap\compiled.php(696): Illuminate\Foundation\Application->dispatch(Object(Illuminate\Http\Request))
#5 D:\WWW\test\laravel-master\bootstrap\compiled.php(7812): Illuminate\Foundation\Application->handle(Object(Illuminate\Http\Request), 1, true)
#6 D:\WWW\test\laravel-master\bootstrap\compiled.php(8419): Illuminate\Session\Middleware->handle(Object(Illuminate\Http\Request), 1, true)
#7 D:\WWW\test\laravel-master\bootstrap\compiled.php(8366): Illuminate\Cookie\Queue->handle(Object(Illuminate\Http\Request), 1, true)
#8 D:\WWW\test\laravel-master\bootstrap\compiled.php(11029): Illuminate\Cookie\Guard->handle(Object(Illuminate\Http\Request), 1, true)
#9 D:\WWW\test\laravel-master\bootstrap\compiled.php(657): Stack\StackedHttpKernel->handle(Object(Illuminate\Http\Request))
#10 D:\WWW\test\laravel-master\public\index.php(49): Illuminate\Foundation\Application->run()
#11 {main} [] []
[2015-01-15 08:07:02] production.ERROR: exception 'Symfony\Component\HttpKernel\Exception\NotFoundHttpException' in D:\WWW\test\laravel-master\bootstrap\compiled.php:5738
Stack trace:
#0 D:\WWW\test\laravel-master\bootstrap\compiled.php(5060): Illuminate\Routing\RouteCollection->match(Object(Illuminate\Http\Request))
#1 D:\WWW\test\laravel-master\bootstrap\compiled.php(5048): Illuminate\Routing\Router->findRoute(Object(Illuminate\Http\Request))
#2 D:\WWW\test\laravel-master\bootstrap\compiled.php(5040): Illuminate\Routing\Router->dispatchToRoute(Object(Illuminate\Http\Request))
#3 D:\WWW\test\laravel-master\bootstrap\compiled.php(715): Illuminate\Routing\Router->dispatch(Object(Illuminate\Http\Request))
#4 D:\WWW\test\laravel-master\bootstrap\compiled.php(696): Illuminate\Foundation\Application->dispatch(Object(Illuminate\Http\Request))
#5 D:\WWW\test\laravel-master\bootstrap\compiled.php(7812): Illuminate\Foundation\Application->handle(Object(Illuminate\Http\Request), 1, true)
#6 D:\WWW\test\laravel-master\bootstrap\compiled.php(8419): Illuminate\Session\Middleware->handle(Object(Illuminate\Http\Request), 1, true)
#7 D:\WWW\test\laravel-master\bootstrap\compiled.php(8366): Illuminate\Cookie\Queue->handle(Object(Illuminate\Http\Request), 1, true)
#8 D:\WWW\test\laravel-master\bootstrap\compiled.php(11029): Illuminate\Cookie\Guard->handle(Object(Illuminate\Http\Request), 1, true)
#9 D:\WWW\test\laravel-master\bootstrap\compiled.php(657): Stack\StackedHttpKernel->handle(Object(Illuminate\Http\Request))
#10 D:\WWW\test\laravel-master\public\index.php(49): Illuminate\Foundation\Application->run()
#11 {main} [] []
[2015-01-15 08:10:38] production.ERROR: exception 'Symfony\Component\HttpKernel\Exception\NotFoundHttpException' in D:\WWW\test\laravel-master\bootstrap\compiled.php:5738
Stack trace:
#0 D:\WWW\test\laravel-master\bootstrap\compiled.php(5060): Illuminate\Routing\RouteCollection->match(Object(Illuminate\Http\Request))
#1 D:\WWW\test\laravel-master\bootstrap\compiled.php(5048): Illuminate\Routing\Router->findRoute(Object(Illuminate\Http\Request))
#2 D:\WWW\test\laravel-master\bootstrap\compiled.php(5040): Illuminate\Routing\Router->dispatchToRoute(Object(Illuminate\Http\Request))
#3 D:\WWW\test\laravel-master\bootstrap\compiled.php(715): Illuminate\Routing\Router->dispatch(Object(Illuminate\Http\Request))
#4 D:\WWW\test\laravel-master\bootstrap\compiled.php(696): Illuminate\Foundation\Application->dispatch(Object(Illuminate\Http\Request))
#5 D:\WWW\test\laravel-master\bootstrap\compiled.php(7812): Illuminate\Foundation\Application->handle(Object(Illuminate\Http\Request), 1, true)
#6 D:\WWW\test\laravel-master\bootstrap\compiled.php(8419): Illuminate\Session\Middleware->handle(Object(Illuminate\Http\Request), 1, true)
#7 D:\WWW\test\laravel-master\bootstrap\compiled.php(8366): Illuminate\Cookie\Queue->handle(Object(Illuminate\Http\Request), 1, true)
#8 D:\WWW\test\laravel-master\bootstrap\compiled.php(11029): Illuminate\Cookie\Guard->handle(Object(Illuminate\Http\Request), 1, true)
#9 D:\WWW\test\laravel-master\bootstrap\compiled.php(657): Stack\StackedHttpKernel->handle(Object(Illuminate\Http\Request))
#10 D:\WWW\test\laravel-master\public\index.php(49): Illuminate\Foundation\Application->run()
#11 {main} [] []
[2015-01-15 08:10:39] production.ERROR: exception 'Symfony\Component\HttpKernel\Exception\NotFoundHttpException' in D:\WWW\test\laravel-master\bootstrap\compiled.php:5738
Stack trace:
#0 D:\WWW\test\laravel-master\bootstrap\compiled.php(5060): Illuminate\Routing\RouteCollection->match(Object(Illuminate\Http\Request))
#1 D:\WWW\test\laravel-master\bootstrap\compiled.php(5048): Illuminate\Routing\Router->findRoute(Object(Illuminate\Http\Request))
#2 D:\WWW\test\laravel-master\bootstrap\compiled.php(5040): Illuminate\Routing\Router->dispatchToRoute(Object(Illuminate\Http\Request))
#3 D:\WWW\test\laravel-master\bootstrap\compiled.php(715): Illuminate\Routing\Router->dispatch(Object(Illuminate\Http\Request))
#4 D:\WWW\test\laravel-master\bootstrap\compiled.php(696): Illuminate\Foundation\Application->dispatch(Object(Illuminate\Http\Request))
#5 D:\WWW\test\laravel-master\bootstrap\compiled.php(7812): Illuminate\Foundation\Application->handle(Object(Illuminate\Http\Request), 1, true)
#6 D:\WWW\test\laravel-master\bootstrap\compiled.php(8419): Illuminate\Session\Middleware->handle(Object(Illuminate\Http\Request), 1, true)
#7 D:\WWW\test\laravel-master\bootstrap\compiled.php(8366): Illuminate\Cookie\Queue->handle(Object(Illuminate\Http\Request), 1, true)
#8 D:\WWW\test\laravel-master\bootstrap\compiled.php(11029): Illuminate\Cookie\Guard->handle(Object(Illuminate\Http\Request), 1, true)
#9 D:\WWW\test\laravel-master\bootstrap\compiled.php(657): Stack\StackedHttpKernel->handle(Object(Illuminate\Http\Request))
#10 D:\WWW\test\laravel-master\public\index.php(49): Illuminate\Foundation\Application->run()
#11 {main} [] []
[2015-01-15 08:10:42] production.ERROR: exception 'Symfony\Component\HttpKernel\Exception\NotFoundHttpException' in D:\WWW\test\laravel-master\bootstrap\compiled.php:5738
Stack trace:
#0 D:\WWW\test\laravel-master\bootstrap\compiled.php(5060): Illuminate\Routing\RouteCollection->match(Object(Illuminate\Http\Request))
#1 D:\WWW\test\laravel-master\bootstrap\compiled.php(5048): Illuminate\Routing\Router->findRoute(Object(Illuminate\Http\Request))
#2 D:\WWW\test\laravel-master\bootstrap\compiled.php(5040): Illuminate\Routing\Router->dispatchToRoute(Object(Illuminate\Http\Request))
#3 D:\WWW\test\laravel-master\bootstrap\compiled.php(715): Illuminate\Routing\Router->dispatch(Object(Illuminate\Http\Request))
#4 D:\WWW\test\laravel-master\bootstrap\compiled.php(696): Illuminate\Foundation\Application->dispatch(Object(Illuminate\Http\Request))
#5 D:\WWW\test\laravel-master\bootstrap\compiled.php(7812): Illuminate\Foundation\Application->handle(Object(Illuminate\Http\Request), 1, true)
#6 D:\WWW\test\laravel-master\bootstrap\compiled.php(8419): Illuminate\Session\Middleware->handle(Object(Illuminate\Http\Request), 1, true)
#7 D:\WWW\test\laravel-master\bootstrap\compiled.php(8366): Illuminate\Cookie\Queue->handle(Object(Illuminate\Http\Request), 1, true)
#8 D:\WWW\test\laravel-master\bootstrap\compiled.php(11029): Illuminate\Cookie\Guard->handle(Object(Illuminate\Http\Request), 1, true)
#9 D:\WWW\test\laravel-master\bootstrap\compiled.php(657): Stack\StackedHttpKernel->handle(Object(Illuminate\Http\Request))
#10 D:\WWW\test\laravel-master\public\index.php(49): Illuminate\Foundation\Application->run()
#11 {main} [] []
[2015-01-15 08:10:45] production.ERROR: exception 'Symfony\Component\HttpKernel\Exception\NotFoundHttpException' in D:\WWW\test\laravel-master\bootstrap\compiled.php:5738
Stack trace:
#0 D:\WWW\test\laravel-master\bootstrap\compiled.php(5060): Illuminate\Routing\RouteCollection->match(Object(Illuminate\Http\Request))
#1 D:\WWW\test\laravel-master\bootstrap\compiled.php(5048): Illuminate\Routing\Router->findRoute(Object(Illuminate\Http\Request))
#2 D:\WWW\test\laravel-master\bootstrap\compiled.php(5040): Illuminate\Routing\Router->dispatchToRoute(Object(Illuminate\Http\Request))
#3 D:\WWW\test\laravel-master\bootstrap\compiled.php(715): Illuminate\Routing\Router->dispatch(Object(Illuminate\Http\Request))
#4 D:\WWW\test\laravel-master\bootstrap\compiled.php(696): Illuminate\Foundation\Application->dispatch(Object(Illuminate\Http\Request))
#5 D:\WWW\test\laravel-master\bootstrap\compiled.php(7812): Illuminate\Foundation\Application->handle(Object(Illuminate\Http\Request), 1, true)
#6 D:\WWW\test\laravel-master\bootstrap\compiled.php(8419): Illuminate\Session\Middleware->handle(Object(Illuminate\Http\Request), 1, true)
#7 D:\WWW\test\laravel-master\bootstrap\compiled.php(8366): Illuminate\Cookie\Queue->handle(Object(Illuminate\Http\Request), 1, true)
#8 D:\WWW\test\laravel-master\bootstrap\compiled.php(11029): Illuminate\Cookie\Guard->handle(Object(Illuminate\Http\Request), 1, true)
#9 D:\WWW\test\laravel-master\bootstrap\compiled.php(657): Stack\StackedHttpKernel->handle(Object(Illuminate\Http\Request))
#10 D:\WWW\test\laravel-master\public\index.php(49): Illuminate\Foundation\Application->run()
#11 {main} [] []
[2015-01-15 08:11:23] production.ERROR: exception 'Symfony\Component\HttpKernel\Exception\NotFoundHttpException' in D:\WWW\test\laravel-master\bootstrap\compiled.php:5738
Stack trace:
#0 D:\WWW\test\laravel-master\bootstrap\compiled.php(5060): Illuminate\Routing\RouteCollection->match(Object(Illuminate\Http\Request))
#1 D:\WWW\test\laravel-master\bootstrap\compiled.php(5048): Illuminate\Routing\Router->findRoute(Object(Illuminate\Http\Request))
#2 D:\WWW\test\laravel-master\bootstrap\compiled.php(5040): Illuminate\Routing\Router->dispatchToRoute(Object(Illuminate\Http\Request))
#3 D:\WWW\test\laravel-master\bootstrap\compiled.php(715): Illuminate\Routing\Router->dispatch(Object(Illuminate\Http\Request))
#4 D:\WWW\test\laravel-master\bootstrap\compiled.php(696): Illuminate\Foundation\Application->dispatch(Object(Illuminate\Http\Request))
#5 D:\WWW\test\laravel-master\bootstrap\compiled.php(7812): Illuminate\Foundation\Application->handle(Object(Illuminate\Http\Request), 1, true)
#6 D:\WWW\test\laravel-master\bootstrap\compiled.php(8419): Illuminate\Session\Middleware->handle(Object(Illuminate\Http\Request), 1, true)
#7 D:\WWW\test\laravel-master\bootstrap\compiled.php(8366): Illuminate\Cookie\Queue->handle(Object(Illuminate\Http\Request), 1, true)
#8 D:\WWW\test\laravel-master\bootstrap\compiled.php(11029): Illuminate\Cookie\Guard->handle(Object(Illuminate\Http\Request), 1, true)
#9 D:\WWW\test\laravel-master\bootstrap\compiled.php(657): Stack\StackedHttpKernel->handle(Object(Illuminate\Http\Request))
#10 D:\WWW\test\laravel-master\public\index.php(49): Illuminate\Foundation\Application->run()
#11 {main} [] []
[2015-01-15 08:11:31] production.ERROR: exception 'Symfony\Component\HttpKernel\Exception\NotFoundHttpException' in D:\WWW\test\laravel-master\bootstrap\compiled.php:5738
Stack trace:
#0 D:\WWW\test\laravel-master\bootstrap\compiled.php(5060): Illuminate\Routing\RouteCollection->match(Object(Illuminate\Http\Request))
#1 D:\WWW\test\laravel-master\bootstrap\compiled.php(5048): Illuminate\Routing\Router->findRoute(Object(Illuminate\Http\Request))
#2 D:\WWW\test\laravel-master\bootstrap\compiled.php(5040): Illuminate\Routing\Router->dispatchToRoute(Object(Illuminate\Http\Request))
#3 D:\WWW\test\laravel-master\bootstrap\compiled.php(715): Illuminate\Routing\Router->dispatch(Object(Illuminate\Http\Request))
#4 D:\WWW\test\laravel-master\bootstrap\compiled.php(696): Illuminate\Foundation\Application->dispatch(Object(Illuminate\Http\Request))
#5 D:\WWW\test\laravel-master\bootstrap\compiled.php(7812): Illuminate\Foundation\Application->handle(Object(Illuminate\Http\Request), 1, true)
#6 D:\WWW\test\laravel-master\bootstrap\compiled.php(8419): Illuminate\Session\Middleware->handle(Object(Illuminate\Http\Request), 1, true)
#7 D:\WWW\test\laravel-master\bootstrap\compiled.php(8366): Illuminate\Cookie\Queue->handle(Object(Illuminate\Http\Request), 1, true)
#8 D:\WWW\test\laravel-master\bootstrap\compiled.php(11029): Illuminate\Cookie\Guard->handle(Object(Illuminate\Http\Request), 1, true)
#9 D:\WWW\test\laravel-master\bootstrap\compiled.php(657): Stack\StackedHttpKernel->handle(Object(Illuminate\Http\Request))
#10 D:\WWW\test\laravel-master\public\index.php(49): Illuminate\Foundation\Application->run()
#11 {main} [] []
[2015-01-15 08:14:23] production.ERROR: exception 'Symfony\Component\HttpKernel\Exception\NotFoundHttpException' in D:\WWW\test\laravel-master\bootstrap\compiled.php:5738
Stack trace:
#0 D:\WWW\test\laravel-master\bootstrap\compiled.php(5060): Illuminate\Routing\RouteCollection->match(Object(Illuminate\Http\Request))
#1 D:\WWW\test\laravel-master\bootstrap\compiled.php(5048): Illuminate\Routing\Router->findRoute(Object(Illuminate\Http\Request))
#2 D:\WWW\test\laravel-master\bootstrap\compiled.php(5040): Illuminate\Routing\Router->dispatchToRoute(Object(Illuminate\Http\Request))
#3 D:\WWW\test\laravel-master\bootstrap\compiled.php(715): Illuminate\Routing\Router->dispatch(Object(Illuminate\Http\Request))
#4 D:\WWW\test\laravel-master\bootstrap\compiled.php(696): Illuminate\Foundation\Application->dispatch(Object(Illuminate\Http\Request))
#5 D:\WWW\test\laravel-master\bootstrap\compiled.php(7812): Illuminate\Foundation\Application->handle(Object(Illuminate\Http\Request), 1, true)
#6 D:\WWW\test\laravel-master\bootstrap\compiled.php(8419): Illuminate\Session\Middleware->handle(Object(Illuminate\Http\Request), 1, true)
#7 D:\WWW\test\laravel-master\bootstrap\compiled.php(8366): Illuminate\Cookie\Queue->handle(Object(Illuminate\Http\Request), 1, true)
#8 D:\WWW\test\laravel-master\bootstrap\compiled.php(11029): Illuminate\Cookie\Guard->handle(Object(Illuminate\Http\Request), 1, true)
#9 D:\WWW\test\laravel-master\bootstrap\compiled.php(657): Stack\StackedHttpKernel->handle(Object(Illuminate\Http\Request))
#10 D:\WWW\test\laravel-master\public\index.php(49): Illuminate\Foundation\Application->run()
#11 {main} [] []
[2015-01-15 08:14:29] production.ERROR: exception 'Symfony\Component\HttpKernel\Exception\NotFoundHttpException' in D:\WWW\test\laravel-master\bootstrap\compiled.php:5738
Stack trace:
#0 D:\WWW\test\laravel-master\bootstrap\compiled.php(5060): Illuminate\Routing\RouteCollection->match(Object(Illuminate\Http\Request))
#1 D:\WWW\test\laravel-master\bootstrap\compiled.php(5048): Illuminate\Routing\Router->findRoute(Object(Illuminate\Http\Request))
#2 D:\WWW\test\laravel-master\bootstrap\compiled.php(5040): Illuminate\Routing\Router->dispatchToRoute(Object(Illuminate\Http\Request))
#3 D:\WWW\test\laravel-master\bootstrap\compiled.php(715): Illuminate\Routing\Router->dispatch(Object(Illuminate\Http\Request))
#4 D:\WWW\test\laravel-master\bootstrap\compiled.php(696): Illuminate\Foundation\Application->dispatch(Object(Illuminate\Http\Request))
#5 D:\WWW\test\laravel-master\bootstrap\compiled.php(7812): Illuminate\Foundation\Application->handle(Object(Illuminate\Http\Request), 1, true)
#6 D:\WWW\test\laravel-master\bootstrap\compiled.php(8419): Illuminate\Session\Middleware->handle(Object(Illuminate\Http\Request), 1, true)
#7 D:\WWW\test\laravel-master\bootstrap\compiled.php(8366): Illuminate\Cookie\Queue->handle(Object(Illuminate\Http\Request), 1, true)
#8 D:\WWW\test\laravel-master\bootstrap\compiled.php(11029): Illuminate\Cookie\Guard->handle(Object(Illuminate\Http\Request), 1, true)
#9 D:\WWW\test\laravel-master\bootstrap\compiled.php(657): Stack\StackedHttpKernel->handle(Object(Illuminate\Http\Request))
#10 D:\WWW\test\laravel-master\public\index.php(49): Illuminate\Foundation\Application->run()
#11 {main} [] []
[2015-01-15 08:15:57] production.ERROR: exception 'Symfony\Component\HttpKernel\Exception\NotFoundHttpException' in D:\WWW\test\laravel-master\bootstrap\compiled.php:5738
Stack trace:
#0 D:\WWW\test\laravel-master\bootstrap\compiled.php(5060): Illuminate\Routing\RouteCollection->match(Object(Illuminate\Http\Request))
#1 D:\WWW\test\laravel-master\bootstrap\compiled.php(5048): Illuminate\Routing\Router->findRoute(Object(Illuminate\Http\Request))
#2 D:\WWW\test\laravel-master\bootstrap\compiled.php(5040): Illuminate\Routing\Router->dispatchToRoute(Object(Illuminate\Http\Request))
#3 D:\WWW\test\laravel-master\bootstrap\compiled.php(715): Illuminate\Routing\Router->dispatch(Object(Illuminate\Http\Request))
#4 D:\WWW\test\laravel-master\bootstrap\compiled.php(696): Illuminate\Foundation\Application->dispatch(Object(Illuminate\Http\Request))
#5 D:\WWW\test\laravel-master\bootstrap\compiled.php(7812): Illuminate\Foundation\Application->handle(Object(Illuminate\Http\Request), 1, true)
#6 D:\WWW\test\laravel-master\bootstrap\compiled.php(8419): Illuminate\Session\Middleware->handle(Object(Illuminate\Http\Request), 1, true)
#7 D:\WWW\test\laravel-master\bootstrap\compiled.php(8366): Illuminate\Cookie\Queue->handle(Object(Illuminate\Http\Request), 1, true)
#8 D:\WWW\test\laravel-master\bootstrap\compiled.php(11029): Illuminate\Cookie\Guard->handle(Object(Illuminate\Http\Request), 1, true)
#9 D:\WWW\test\laravel-master\bootstrap\compiled.php(657): Stack\StackedHttpKernel->handle(Object(Illuminate\Http\Request))
#10 D:\WWW\test\laravel-master\public\index.php(49): Illuminate\Foundation\Application->run()
#11 {main} [] []
[2015-01-15 08:16:25] production.ERROR: exception 'Symfony\Component\HttpKernel\Exception\NotFoundHttpException' in D:\WWW\test\laravel-master\bootstrap\compiled.php:5738
Stack trace:
#0 D:\WWW\test\laravel-master\bootstrap\compiled.php(5060): Illuminate\Routing\RouteCollection->match(Object(Illuminate\Http\Request))
#1 D:\WWW\test\laravel-master\bootstrap\compiled.php(5048): Illuminate\Routing\Router->findRoute(Object(Illuminate\Http\Request))
#2 D:\WWW\test\laravel-master\bootstrap\compiled.php(5040): Illuminate\Routing\Router->dispatchToRoute(Object(Illuminate\Http\Request))
#3 D:\WWW\test\laravel-master\bootstrap\compiled.php(715): Illuminate\Routing\Router->dispatch(Object(Illuminate\Http\Request))
#4 D:\WWW\test\laravel-master\bootstrap\compiled.php(696): Illuminate\Foundation\Application->dispatch(Object(Illuminate\Http\Request))
#5 D:\WWW\test\laravel-master\bootstrap\compiled.php(7812): Illuminate\Foundation\Application->handle(Object(Illuminate\Http\Request), 1, true)
#6 D:\WWW\test\laravel-master\bootstrap\compiled.php(8419): Illuminate\Session\Middleware->handle(Object(Illuminate\Http\Request), 1, true)
#7 D:\WWW\test\laravel-master\bootstrap\compiled.php(8366): Illuminate\Cookie\Queue->handle(Object(Illuminate\Http\Request), 1, true)
#8 D:\WWW\test\laravel-master\bootstrap\compiled.php(11029): Illuminate\Cookie\Guard->handle(Object(Illuminate\Http\Request), 1, true)
#9 D:\WWW\test\laravel-master\bootstrap\compiled.php(657): Stack\StackedHttpKernel->handle(Object(Illuminate\Http\Request))
#10 D:\WWW\test\laravel-master\public\index.php(49): Illuminate\Foundation\Application->run()
#11 {main} [] []
[2015-01-15 08:16:27] production.ERROR: exception 'Symfony\Component\HttpKernel\Exception\NotFoundHttpException' in D:\WWW\test\laravel-master\bootstrap\compiled.php:5738
Stack trace:
#0 D:\WWW\test\laravel-master\bootstrap\compiled.php(5060): Illuminate\Routing\RouteCollection->match(Object(Illuminate\Http\Request))
#1 D:\WWW\test\laravel-master\bootstrap\compiled.php(5048): Illuminate\Routing\Router->findRoute(Object(Illuminate\Http\Request))
#2 D:\WWW\test\laravel-master\bootstrap\compiled.php(5040): Illuminate\Routing\Router->dispatchToRoute(Object(Illuminate\Http\Request))
#3 D:\WWW\test\laravel-master\bootstrap\compiled.php(715): Illuminate\Routing\Router->dispatch(Object(Illuminate\Http\Request))
#4 D:\WWW\test\laravel-master\bootstrap\compiled.php(696): Illuminate\Foundation\Application->dispatch(Object(Illuminate\Http\Request))
#5 D:\WWW\test\laravel-master\bootstrap\compiled.php(7812): Illuminate\Foundation\Application->handle(Object(Illuminate\Http\Request), 1, true)
#6 D:\WWW\test\laravel-master\bootstrap\compiled.php(8419): Illuminate\Session\Middleware->handle(Object(Illuminate\Http\Request), 1, true)
#7 D:\WWW\test\laravel-master\bootstrap\compiled.php(8366): Illuminate\Cookie\Queue->handle(Object(Illuminate\Http\Request), 1, true)
#8 D:\WWW\test\laravel-master\bootstrap\compiled.php(11029): Illuminate\Cookie\Guard->handle(Object(Illuminate\Http\Request), 1, true)
#9 D:\WWW\test\laravel-master\bootstrap\compiled.php(657): Stack\StackedHttpKernel->handle(Object(Illuminate\Http\Request))
#10 D:\WWW\test\laravel-master\public\index.php(49): Illuminate\Foundation\Application->run()
#11 {main} [] []
[2015-01-15 08:16:36] production.ERROR: exception 'Symfony\Component\HttpKernel\Exception\NotFoundHttpException' in D:\WWW\test\laravel-master\bootstrap\compiled.php:5738
Stack trace:
#0 D:\WWW\test\laravel-master\bootstrap\compiled.php(5060): Illuminate\Routing\RouteCollection->match(Object(Illuminate\Http\Request))
#1 D:\WWW\test\laravel-master\bootstrap\compiled.php(5048): Illuminate\Routing\Router->findRoute(Object(Illuminate\Http\Request))
#2 D:\WWW\test\laravel-master\bootstrap\compiled.php(5040): Illuminate\Routing\Router->dispatchToRoute(Object(Illuminate\Http\Request))
#3 D:\WWW\test\laravel-master\bootstrap\compiled.php(715): Illuminate\Routing\Router->dispatch(Object(Illuminate\Http\Request))
#4 D:\WWW\test\laravel-master\bootstrap\compiled.php(696): Illuminate\Foundation\Application->dispatch(Object(Illuminate\Http\Request))
#5 D:\WWW\test\laravel-master\bootstrap\compiled.php(7812): Illuminate\Foundation\Application->handle(Object(Illuminate\Http\Request), 1, true)
#6 D:\WWW\test\laravel-master\bootstrap\compiled.php(8419): Illuminate\Session\Middleware->handle(Object(Illuminate\Http\Request), 1, true)
#7 D:\WWW\test\laravel-master\bootstrap\compiled.php(8366): Illuminate\Cookie\Queue->handle(Object(Illuminate\Http\Request), 1, true)
#8 D:\WWW\test\laravel-master\bootstrap\compiled.php(11029): Illuminate\Cookie\Guard->handle(Object(Illuminate\Http\Request), 1, true)
#9 D:\WWW\test\laravel-master\bootstrap\compiled.php(657): Stack\StackedHttpKernel->handle(Object(Illuminate\Http\Request))
#10 D:\WWW\test\laravel-master\public\index.php(49): Illuminate\Foundation\Application->run()
#11 {main} [] []
[2015-01-15 08:17:04] production.ERROR: exception 'Symfony\Component\HttpKernel\Exception\NotFoundHttpException' in D:\WWW\test\laravel-master\bootstrap\compiled.php:5738
Stack trace:
#0 D:\WWW\test\laravel-master\bootstrap\compiled.php(5060): Illuminate\Routing\RouteCollection->match(Object(Illuminate\Http\Request))
#1 D:\WWW\test\laravel-master\bootstrap\compiled.php(5048): Illuminate\Routing\Router->findRoute(Object(Illuminate\Http\Request))
#2 D:\WWW\test\laravel-master\bootstrap\compiled.php(5040): Illuminate\Routing\Router->dispatchToRoute(Object(Illuminate\Http\Request))
#3 D:\WWW\test\laravel-master\bootstrap\compiled.php(715): Illuminate\Routing\Router->dispatch(Object(Illuminate\Http\Request))
#4 D:\WWW\test\laravel-master\bootstrap\compiled.php(696): Illuminate\Foundation\Application->dispatch(Object(Illuminate\Http\Request))
#5 D:\WWW\test\laravel-master\bootstrap\compiled.php(7812): Illuminate\Foundation\Application->handle(Object(Illuminate\Http\Request), 1, true)
#6 D:\WWW\test\laravel-master\bootstrap\compiled.php(8419): Illuminate\Session\Middleware->handle(Object(Illuminate\Http\Request), 1, true)
#7 D:\WWW\test\laravel-master\bootstrap\compiled.php(8366): Illuminate\Cookie\Queue->handle(Object(Illuminate\Http\Request), 1, true)
#8 D:\WWW\test\laravel-master\bootstrap\compiled.php(11029): Illuminate\Cookie\Guard->handle(Object(Illuminate\Http\Request), 1, true)
#9 D:\WWW\test\laravel-master\bootstrap\compiled.php(657): Stack\StackedHttpKernel->handle(Object(Illuminate\Http\Request))
#10 D:\WWW\test\laravel-master\public\index.php(49): Illuminate\Foundation\Application->run()
#11 {main} [] []
[2015-01-15 08:17:04] production.ERROR: exception 'Symfony\Component\HttpKernel\Exception\NotFoundHttpException' in D:\WWW\test\laravel-master\bootstrap\compiled.php:5738
Stack trace:
#0 D:\WWW\test\laravel-master\bootstrap\compiled.php(5060): Illuminate\Routing\RouteCollection->match(Object(Illuminate\Http\Request))
#1 D:\WWW\test\laravel-master\bootstrap\compiled.php(5048): Illuminate\Routing\Router->findRoute(Object(Illuminate\Http\Request))
#2 D:\WWW\test\laravel-master\bootstrap\compiled.php(5040): Illuminate\Routing\Router->dispatchToRoute(Object(Illuminate\Http\Request))
#3 D:\WWW\test\laravel-master\bootstrap\compiled.php(715): Illuminate\Routing\Router->dispatch(Object(Illuminate\Http\Request))
#4 D:\WWW\test\laravel-master\bootstrap\compiled.php(696): Illuminate\Foundation\Application->dispatch(Object(Illuminate\Http\Request))
#5 D:\WWW\test\laravel-master\bootstrap\compiled.php(7812): Illuminate\Foundation\Application->handle(Object(Illuminate\Http\Request), 1, true)
#6 D:\WWW\test\laravel-master\bootstrap\compiled.php(8419): Illuminate\Session\Middleware->handle(Object(Illuminate\Http\Request), 1, true)
#7 D:\WWW\test\laravel-master\bootstrap\compiled.php(8366): Illuminate\Cookie\Queue->handle(Object(Illuminate\Http\Request), 1, true)
#8 D:\WWW\test\laravel-master\bootstrap\compiled.php(11029): Illuminate\Cookie\Guard->handle(Object(Illuminate\Http\Request), 1, true)
#9 D:\WWW\test\laravel-master\bootstrap\compiled.php(657): Stack\StackedHttpKernel->handle(Object(Illuminate\Http\Request))
#10 D:\WWW\test\laravel-master\public\index.php(49): Illuminate\Foundation\Application->run()
#11 {main} [] []
[2015-01-15 08:17:05] production.ERROR: exception 'Symfony\Component\HttpKernel\Exception\NotFoundHttpException' in D:\WWW\test\laravel-master\bootstrap\compiled.php:5738
Stack trace:
#0 D:\WWW\test\laravel-master\bootstrap\compiled.php(5060): Illuminate\Routing\RouteCollection->match(Object(Illuminate\Http\Request))
#1 D:\WWW\test\laravel-master\bootstrap\compiled.php(5048): Illuminate\Routing\Router->findRoute(Object(Illuminate\Http\Request))
#2 D:\WWW\test\laravel-master\bootstrap\compiled.php(5040): Illuminate\Routing\Router->dispatchToRoute(Object(Illuminate\Http\Request))
#3 D:\WWW\test\laravel-master\bootstrap\compiled.php(715): Illuminate\Routing\Router->dispatch(Object(Illuminate\Http\Request))
#4 D:\WWW\test\laravel-master\bootstrap\compiled.php(696): Illuminate\Foundation\Application->dispatch(Object(Illuminate\Http\Request))
#5 D:\WWW\test\laravel-master\bootstrap\compiled.php(7812): Illuminate\Foundation\Application->handle(Object(Illuminate\Http\Request), 1, true)
#6 D:\WWW\test\laravel-master\bootstrap\compiled.php(8419): Illuminate\Session\Middleware->handle(Object(Illuminate\Http\Request), 1, true)
#7 D:\WWW\test\laravel-master\bootstrap\compiled.php(8366): Illuminate\Cookie\Queue->handle(Object(Illuminate\Http\Request), 1, true)
#8 D:\WWW\test\laravel-master\bootstrap\compiled.php(11029): Illuminate\Cookie\Guard->handle(Object(Illuminate\Http\Request), 1, true)
#9 D:\WWW\test\laravel-master\bootstrap\compiled.php(657): Stack\StackedHttpKernel->handle(Object(Illuminate\Http\Request))
#10 D:\WWW\test\laravel-master\public\index.php(49): Illuminate\Foundation\Application->run()
#11 {main} [] []
[2015-01-15 08:17:06] production.ERROR: exception 'Symfony\Component\HttpKernel\Exception\NotFoundHttpException' in D:\WWW\test\laravel-master\bootstrap\compiled.php:5738
Stack trace:
#0 D:\WWW\test\laravel-master\bootstrap\compiled.php(5060): Illuminate\Routing\RouteCollection->match(Object(Illuminate\Http\Request))
#1 D:\WWW\test\laravel-master\bootstrap\compiled.php(5048): Illuminate\Routing\Router->findRoute(Object(Illuminate\Http\Request))
#2 D:\WWW\test\laravel-master\bootstrap\compiled.php(5040): Illuminate\Routing\Router->dispatchToRoute(Object(Illuminate\Http\Request))
#3 D:\WWW\test\laravel-master\bootstrap\compiled.php(715): Illuminate\Routing\Router->dispatch(Object(Illuminate\Http\Request))
#4 D:\WWW\test\laravel-master\bootstrap\compiled.php(696): Illuminate\Foundation\Application->dispatch(Object(Illuminate\Http\Request))
#5 D:\WWW\test\laravel-master\bootstrap\compiled.php(7812): Illuminate\Foundation\Application->handle(Object(Illuminate\Http\Request), 1, true)
#6 D:\WWW\test\laravel-master\bootstrap\compiled.php(8419): Illuminate\Session\Middleware->handle(Object(Illuminate\Http\Request), 1, true)
#7 D:\WWW\test\laravel-master\bootstrap\compiled.php(8366): Illuminate\Cookie\Queue->handle(Object(Illuminate\Http\Request), 1, true)
#8 D:\WWW\test\laravel-master\bootstrap\compiled.php(11029): Illuminate\Cookie\Guard->handle(Object(Illuminate\Http\Request), 1, true)
#9 D:\WWW\test\laravel-master\bootstrap\compiled.php(657): Stack\StackedHttpKernel->handle(Object(Illuminate\Http\Request))
#10 D:\WWW\test\laravel-master\public\index.php(49): Illuminate\Foundation\Application->run()
#11 {main} [] []
[2015-01-15 08:17:06] production.ERROR: exception 'Symfony\Component\HttpKernel\Exception\NotFoundHttpException' in D:\WWW\test\laravel-master\bootstrap\compiled.php:5738
Stack trace:
#0 D:\WWW\test\laravel-master\bootstrap\compiled.php(5060): Illuminate\Routing\RouteCollection->match(Object(Illuminate\Http\Request))
#1 D:\WWW\test\laravel-master\bootstrap\compiled.php(5048): Illuminate\Routing\Router->findRoute(Object(Illuminate\Http\Request))
#2 D:\WWW\test\laravel-master\bootstrap\compiled.php(5040): Illuminate\Routing\Router->dispatchToRoute(Object(Illuminate\Http\Request))
#3 D:\WWW\test\laravel-master\bootstrap\compiled.php(715): Illuminate\Routing\Router->dispatch(Object(Illuminate\Http\Request))
#4 D:\WWW\test\laravel-master\bootstrap\compiled.php(696): Illuminate\Foundation\Application->dispatch(Object(Illuminate\Http\Request))
#5 D:\WWW\test\laravel-master\bootstrap\compiled.php(7812): Illuminate\Foundation\Application->handle(Object(Illuminate\Http\Request), 1, true)
#6 D:\WWW\test\laravel-master\bootstrap\compiled.php(8419): Illuminate\Session\Middleware->handle(Object(Illuminate\Http\Request), 1, true)
#7 D:\WWW\test\laravel-master\bootstrap\compiled.php(8366): Illuminate\Cookie\Queue->handle(Object(Illuminate\Http\Request), 1, true)
#8 D:\WWW\test\laravel-master\bootstrap\compiled.php(11029): Illuminate\Cookie\Guard->handle(Object(Illuminate\Http\Request), 1, true)
#9 D:\WWW\test\laravel-master\bootstrap\compiled.php(657): Stack\StackedHttpKernel->handle(Object(Illuminate\Http\Request))
#10 D:\WWW\test\laravel-master\public\index.php(49): Illuminate\Foundation\Application->run()
#11 {main} [] []
[2015-01-15 08:42:33] production.ERROR: exception 'PDOException' with message 'SQLSTATE[42S02]: Base table or view not found: 1146 Table 'wordpress.users' doesn't exist' in D:\WWW\test\laravel-master\vendor\laravel\framework\src\Illuminate\Database\Connection.php:299
Stack trace:
#0 D:\WWW\test\laravel-master\vendor\laravel\framework\src\Illuminate\Database\Connection.php(299): PDO->prepare('select * from u...')
#1 D:\WWW\test\laravel-master\vendor\laravel\framework\src\Illuminate\Database\Connection.php(617): Illuminate\Database\Connection->Illuminate\Database\{closure}(Object(Illuminate\Database\MySqlConnection), 'select * from u...', Array)
#2 D:\WWW\test\laravel-master\vendor\laravel\framework\src\Illuminate\Database\Connection.php(581): Illuminate\Database\Connection->runQueryCallback('select * from u...', Array, Object(Closure))
#3 D:\WWW\test\laravel-master\vendor\laravel\framework\src\Illuminate\Database\Connection.php(304): Illuminate\Database\Connection->run('select * from u...', Array, Object(Closure))
#4 [internal function]: Illuminate\Database\Connection->select('select * from u...')
#5 D:\WWW\test\laravel-master\bootstrap\compiled.php(7664): call_user_func_array(Array, Array)
#6 D:\WWW\test\laravel-master\bootstrap\compiled.php(3259): Illuminate\Database\DatabaseManager->__call('select', Array)
#7 D:\WWW\test\laravel-master\bootstrap\compiled.php(3259): Illuminate\Database\DatabaseManager->select('select * from u...')
#8 D:\WWW\test\laravel-master\app\controllers\userController.php(20): Illuminate\Support\Facades\Facade::__callStatic('select', Array)
#9 D:\WWW\test\laravel-master\app\controllers\userController.php(20): Illuminate\Support\Facades\DB::select('select * from u...')
#10 [internal function]: UserController->login()
#11 D:\WWW\test\laravel-master\vendor\laravel\framework\src\Illuminate\Routing\Controller.php(231): call_user_func_array(Array, Array)
#12 D:\WWW\test\laravel-master\bootstrap\compiled.php(5834): Illuminate\Routing\Controller->callAction('login', Array)
#13 D:\WWW\test\laravel-master\bootstrap\compiled.php(5822): Illuminate\Routing\ControllerDispatcher->call(Object(UserController), Object(Illuminate\Routing\Route), 'login')
#14 D:\WWW\test\laravel-master\bootstrap\compiled.php(5027): Illuminate\Routing\ControllerDispatcher->dispatch(Object(Illuminate\Routing\Route), Object(Illuminate\Http\Request), 'userController', 'login')
#15 [internal function]: Illuminate\Routing\Router->Illuminate\Routing\{closure}()
#16 D:\WWW\test\laravel-master\bootstrap\compiled.php(5385): call_user_func_array(Object(Closure), Array)
#17 D:\WWW\test\laravel-master\bootstrap\compiled.php(5052): Illuminate\Routing\Route->run(Object(Illuminate\Http\Request))
#18 D:\WWW\test\laravel-master\bootstrap\compiled.php(5040): Illuminate\Routing\Router->dispatchToRoute(Object(Illuminate\Http\Request))
#19 D:\WWW\test\laravel-master\bootstrap\compiled.php(715): Illuminate\Routing\Router->dispatch(Object(Illuminate\Http\Request))
#20 D:\WWW\test\laravel-master\bootstrap\compiled.php(696): Illuminate\Foundation\Application->dispatch(Object(Illuminate\Http\Request))
#21 D:\WWW\test\laravel-master\bootstrap\compiled.php(7812): Illuminate\Foundation\Application->handle(Object(Illuminate\Http\Request), 1, true)
#22 D:\WWW\test\laravel-master\bootstrap\compiled.php(8419): Illuminate\Session\Middleware->handle(Object(Illuminate\Http\Request), 1, true)
#23 D:\WWW\test\laravel-master\bootstrap\compiled.php(8366): Illuminate\Cookie\Queue->handle(Object(Illuminate\Http\Request), 1, true)
#24 D:\WWW\test\laravel-master\bootstrap\compiled.php(11029): Illuminate\Cookie\Guard->handle(Object(Illuminate\Http\Request), 1, true)
#25 D:\WWW\test\laravel-master\bootstrap\compiled.php(657): Stack\StackedHttpKernel->handle(Object(Illuminate\Http\Request))
#26 D:\WWW\test\laravel-master\public\index.php(49): Illuminate\Foundation\Application->run()
#27 {main}

Next exception 'Illuminate\Database\QueryException' with message 'SQLSTATE[42S02]: Base table or view not found: 1146 Table 'wordpress.users' doesn't exist (SQL: select * from users limit 15)' in D:\WWW\test\laravel-master\vendor\laravel\framework\src\Illuminate\Database\Connection.php:625
Stack trace:
#0 D:\WWW\test\laravel-master\vendor\laravel\framework\src\Illuminate\Database\Connection.php(581): Illuminate\Database\Connection->runQueryCallback('select * from u...', Array, Object(Closure))
#1 D:\WWW\test\laravel-master\vendor\laravel\framework\src\Illuminate\Database\Connection.php(304): Illuminate\Database\Connection->run('select * from u...', Array, Object(Closure))
#2 [internal function]: Illuminate\Database\Connection->select('select * from u...')
#3 D:\WWW\test\laravel-master\bootstrap\compiled.php(7664): call_user_func_array(Array, Array)
#4 D:\WWW\test\laravel-master\bootstrap\compiled.php(3259): Illuminate\Database\DatabaseManager->__call('select', Array)
#5 D:\WWW\test\laravel-master\bootstrap\compiled.php(3259): Illuminate\Database\DatabaseManager->select('select * from u...')
#6 D:\WWW\test\laravel-master\app\controllers\userController.php(20): Illuminate\Support\Facades\Facade::__callStatic('select', Array)
#7 D:\WWW\test\laravel-master\app\controllers\userController.php(20): Illuminate\Support\Facades\DB::select('select * from u...')
#8 [internal function]: UserController->login()
#9 D:\WWW\test\laravel-master\vendor\laravel\framework\src\Illuminate\Routing\Controller.php(231): call_user_func_array(Array, Array)
#10 D:\WWW\test\laravel-master\bootstrap\compiled.php(5834): Illuminate\Routing\Controller->callAction('login', Array)
#11 D:\WWW\test\laravel-master\bootstrap\compiled.php(5822): Illuminate\Routing\ControllerDispatcher->call(Object(UserController), Object(Illuminate\Routing\Route), 'login')
#12 D:\WWW\test\laravel-master\bootstrap\compiled.php(5027): Illuminate\Routing\ControllerDispatcher->dispatch(Object(Illuminate\Routing\Route), Object(Illuminate\Http\Request), 'userController', 'login')
#13 [internal function]: Illuminate\Routing\Router->Illuminate\Routing\{closure}()
#14 D:\WWW\test\laravel-master\bootstrap\compiled.php(5385): call_user_func_array(Object(Closure), Array)
#15 D:\WWW\test\laravel-master\bootstrap\compiled.php(5052): Illuminate\Routing\Route->run(Object(Illuminate\Http\Request))
#16 D:\WWW\test\laravel-master\bootstrap\compiled.php(5040): Illuminate\Routing\Router->dispatchToRoute(Object(Illuminate\Http\Request))
#17 D:\WWW\test\laravel-master\bootstrap\compiled.php(715): Illuminate\Routing\Router->dispatch(Object(Illuminate\Http\Request))
#18 D:\WWW\test\laravel-master\bootstrap\compiled.php(696): Illuminate\Foundation\Application->dispatch(Object(Illuminate\Http\Request))
#19 D:\WWW\test\laravel-master\bootstrap\compiled.php(7812): Illuminate\Foundation\Application->handle(Object(Illuminate\Http\Request), 1, true)
#20 D:\WWW\test\laravel-master\bootstrap\compiled.php(8419): Illuminate\Session\Middleware->handle(Object(Illuminate\Http\Request), 1, true)
#21 D:\WWW\test\laravel-master\bootstrap\compiled.php(8366): Illuminate\Cookie\Queue->handle(Object(Illuminate\Http\Request), 1, true)
#22 D:\WWW\test\laravel-master\bootstrap\compiled.php(11029): Illuminate\Cookie\Guard->handle(Object(Illuminate\Http\Request), 1, true)
#23 D:\WWW\test\laravel-master\bootstrap\compiled.php(657): Stack\StackedHttpKernel->handle(Object(Illuminate\Http\Request))
#24 D:\WWW\test\laravel-master\public\index.php(49): Illuminate\Foundation\Application->run()
#25 {main} [] []
[2015-01-15 08:42:34] production.ERROR: exception 'PDOException' with message 'SQLSTATE[42S02]: Base table or view not found: 1146 Table 'wordpress.users' doesn't exist' in D:\WWW\test\laravel-master\vendor\laravel\framework\src\Illuminate\Database\Connection.php:299
Stack trace:
#0 D:\WWW\test\laravel-master\vendor\laravel\framework\src\Illuminate\Database\Connection.php(299): PDO->prepare('select * from u...')
#1 D:\WWW\test\laravel-master\vendor\laravel\framework\src\Illuminate\Database\Connection.php(617): Illuminate\Database\Connection->Illuminate\Database\{closure}(Object(Illuminate\Database\MySqlConnection), 'select * from u...', Array)
#2 D:\WWW\test\laravel-master\vendor\laravel\framework\src\Illuminate\Database\Connection.php(581): Illuminate\Database\Connection->runQueryCallback('select * from u...', Array, Object(Closure))
#3 D:\WWW\test\laravel-master\vendor\laravel\framework\src\Illuminate\Database\Connection.php(304): Illuminate\Database\Connection->run('select * from u...', Array, Object(Closure))
#4 [internal function]: Illuminate\Database\Connection->select('select * from u...')
#5 D:\WWW\test\laravel-master\bootstrap\compiled.php(7664): call_user_func_array(Array, Array)
#6 D:\WWW\test\laravel-master\bootstrap\compiled.php(3259): Illuminate\Database\DatabaseManager->__call('select', Array)
#7 D:\WWW\test\laravel-master\bootstrap\compiled.php(3259): Illuminate\Database\DatabaseManager->select('select * from u...')
#8 D:\WWW\test\laravel-master\app\controllers\userController.php(20): Illuminate\Support\Facades\Facade::__callStatic('select', Array)
#9 D:\WWW\test\laravel-master\app\controllers\userController.php(20): Illuminate\Support\Facades\DB::select('select * from u...')
#10 [internal function]: UserController->login()
#11 D:\WWW\test\laravel-master\vendor\laravel\framework\src\Illuminate\Routing\Controller.php(231): call_user_func_array(Array, Array)
#12 D:\WWW\test\laravel-master\bootstrap\compiled.php(5834): Illuminate\Routing\Controller->callAction('login', Array)
#13 D:\WWW\test\laravel-master\bootstrap\compiled.php(5822): Illuminate\Routing\ControllerDispatcher->call(Object(UserController), Object(Illuminate\Routing\Route), 'login')
#14 D:\WWW\test\laravel-master\bootstrap\compiled.php(5027): Illuminate\Routing\ControllerDispatcher->dispatch(Object(Illuminate\Routing\Route), Object(Illuminate\Http\Request), 'userController', 'login')
#15 [internal function]: Illuminate\Routing\Router->Illuminate\Routing\{closure}()
#16 D:\WWW\test\laravel-master\bootstrap\compiled.php(5385): call_user_func_array(Object(Closure), Array)
#17 D:\WWW\test\laravel-master\bootstrap\compiled.php(5052): Illuminate\Routing\Route->run(Object(Illuminate\Http\Request))
#18 D:\WWW\test\laravel-master\bootstrap\compiled.php(5040): Illuminate\Routing\Router->dispatchToRoute(Object(Illuminate\Http\Request))
#19 D:\WWW\test\laravel-master\bootstrap\compiled.php(715): Illuminate\Routing\Router->dispatch(Object(Illuminate\Http\Request))
#20 D:\WWW\test\laravel-master\bootstrap\compiled.php(696): Illuminate\Foundation\Application->dispatch(Object(Illuminate\Http\Request))
#21 D:\WWW\test\laravel-master\bootstrap\compiled.php(7812): Illuminate\Foundation\Application->handle(Object(Illuminate\Http\Request), 1, true)
#22 D:\WWW\test\laravel-master\bootstrap\compiled.php(8419): Illuminate\Session\Middleware->handle(Object(Illuminate\Http\Request), 1, true)
#23 D:\WWW\test\laravel-master\bootstrap\compiled.php(8366): Illuminate\Cookie\Queue->handle(Object(Illuminate\Http\Request), 1, true)
#24 D:\WWW\test\laravel-master\bootstrap\compiled.php(11029): Illuminate\Cookie\Guard->handle(Object(Illuminate\Http\Request), 1, true)
#25 D:\WWW\test\laravel-master\bootstrap\compiled.php(657): Stack\StackedHttpKernel->handle(Object(Illuminate\Http\Request))
#26 D:\WWW\test\laravel-master\public\index.php(49): Illuminate\Foundation\Application->run()
#27 {main}

Next exception 'Illuminate\Database\QueryException' with message 'SQLSTATE[42S02]: Base table or view not found: 1146 Table 'wordpress.users' doesn't exist (SQL: select * from users limit 15)' in D:\WWW\test\laravel-master\vendor\laravel\framework\src\Illuminate\Database\Connection.php:625
Stack trace:
#0 D:\WWW\test\laravel-master\vendor\laravel\framework\src\Illuminate\Database\Connection.php(581): Illuminate\Database\Connection->runQueryCallback('select * from u...', Array, Object(Closure))
#1 D:\WWW\test\laravel-master\vendor\laravel\framework\src\Illuminate\Database\Connection.php(304): Illuminate\Database\Connection->run('select * from u...', Array, Object(Closure))
#2 [internal function]: Illuminate\Database\Connection->select('select * from u...')
#3 D:\WWW\test\laravel-master\bootstrap\compiled.php(7664): call_user_func_array(Array, Array)
#4 D:\WWW\test\laravel-master\bootstrap\compiled.php(3259): Illuminate\Database\DatabaseManager->__call('select', Array)
#5 D:\WWW\test\laravel-master\bootstrap\compiled.php(3259): Illuminate\Database\DatabaseManager->select('select * from u...')
#6 D:\WWW\test\laravel-master\app\controllers\userController.php(20): Illuminate\Support\Facades\Facade::__callStatic('select', Array)
#7 D:\WWW\test\laravel-master\app\controllers\userController.php(20): Illuminate\Support\Facades\DB::select('select * from u...')
#8 [internal function]: UserController->login()
#9 D:\WWW\test\laravel-master\vendor\laravel\framework\src\Illuminate\Routing\Controller.php(231): call_user_func_array(Array, Array)
#10 D:\WWW\test\laravel-master\bootstrap\compiled.php(5834): Illuminate\Routing\Controller->callAction('login', Array)
#11 D:\WWW\test\laravel-master\bootstrap\compiled.php(5822): Illuminate\Routing\ControllerDispatcher->call(Object(UserController), Object(Illuminate\Routing\Route), 'login')
#12 D:\WWW\test\laravel-master\bootstrap\compiled.php(5027): Illuminate\Routing\ControllerDispatcher->dispatch(Object(Illuminate\Routing\Route), Object(Illuminate\Http\Request), 'userController', 'login')
#13 [internal function]: Illuminate\Routing\Router->Illuminate\Routing\{closure}()
#14 D:\WWW\test\laravel-master\bootstrap\compiled.php(5385): call_user_func_array(Object(Closure), Array)
#15 D:\WWW\test\laravel-master\bootstrap\compiled.php(5052): Illuminate\Routing\Route->run(Object(Illuminate\Http\Request))
#16 D:\WWW\test\laravel-master\bootstrap\compiled.php(5040): Illuminate\Routing\Router->dispatchToRoute(Object(Illuminate\Http\Request))
#17 D:\WWW\test\laravel-master\bootstrap\compiled.php(715): Illuminate\Routing\Router->dispatch(Object(Illuminate\Http\Request))
#18 D:\WWW\test\laravel-master\bootstrap\compiled.php(696): Illuminate\Foundation\Application->dispatch(Object(Illuminate\Http\Request))
#19 D:\WWW\test\laravel-master\bootstrap\compiled.php(7812): Illuminate\Foundation\Application->handle(Object(Illuminate\Http\Request), 1, true)
#20 D:\WWW\test\laravel-master\bootstrap\compiled.php(8419): Illuminate\Session\Middleware->handle(Object(Illuminate\Http\Request), 1, true)
#21 D:\WWW\test\laravel-master\bootstrap\compiled.php(8366): Illuminate\Cookie\Queue->handle(Object(Illuminate\Http\Request), 1, true)
#22 D:\WWW\test\laravel-master\bootstrap\compiled.php(11029): Illuminate\Cookie\Guard->handle(Object(Illuminate\Http\Request), 1, true)
#23 D:\WWW\test\laravel-master\bootstrap\compiled.php(657): Stack\StackedHttpKernel->handle(Object(Illuminate\Http\Request))
#24 D:\WWW\test\laravel-master\public\index.php(49): Illuminate\Foundation\Application->run()
#25 {main} [] []
[2015-01-15 08:42:35] production.ERROR: exception 'PDOException' with message 'SQLSTATE[42S02]: Base table or view not found: 1146 Table 'wordpress.users' doesn't exist' in D:\WWW\test\laravel-master\vendor\laravel\framework\src\Illuminate\Database\Connection.php:299
Stack trace:
#0 D:\WWW\test\laravel-master\vendor\laravel\framework\src\Illuminate\Database\Connection.php(299): PDO->prepare('select * from u...')
#1 D:\WWW\test\laravel-master\vendor\laravel\framework\src\Illuminate\Database\Connection.php(617): Illuminate\Database\Connection->Illuminate\Database\{closure}(Object(Illuminate\Database\MySqlConnection), 'select * from u...', Array)
#2 D:\WWW\test\laravel-master\vendor\laravel\framework\src\Illuminate\Database\Connection.php(581): Illuminate\Database\Connection->runQueryCallback('select * from u...', Array, Object(Closure))
#3 D:\WWW\test\laravel-master\vendor\laravel\framework\src\Illuminate\Database\Connection.php(304): Illuminate\Database\Connection->run('select * from u...', Array, Object(Closure))
#4 [internal function]: Illuminate\Database\Connection->select('select * from u...')
#5 D:\WWW\test\laravel-master\bootstrap\compiled.php(7664): call_user_func_array(Array, Array)
#6 D:\WWW\test\laravel-master\bootstrap\compiled.php(3259): Illuminate\Database\DatabaseManager->__call('select', Array)
#7 D:\WWW\test\laravel-master\bootstrap\compiled.php(3259): Illuminate\Database\DatabaseManager->select('select * from u...')
#8 D:\WWW\test\laravel-master\app\controllers\userController.php(20): Illuminate\Support\Facades\Facade::__callStatic('select', Array)
#9 D:\WWW\test\laravel-master\app\controllers\userController.php(20): Illuminate\Support\Facades\DB::select('select * from u...')
#10 [internal function]: UserController->login()
#11 D:\WWW\test\laravel-master\vendor\laravel\framework\src\Illuminate\Routing\Controller.php(231): call_user_func_array(Array, Array)
#12 D:\WWW\test\laravel-master\bootstrap\compiled.php(5834): Illuminate\Routing\Controller->callAction('login', Array)
#13 D:\WWW\test\laravel-master\bootstrap\compiled.php(5822): Illuminate\Routing\ControllerDispatcher->call(Object(UserController), Object(Illuminate\Routing\Route), 'login')
#14 D:\WWW\test\laravel-master\bootstrap\compiled.php(5027): Illuminate\Routing\ControllerDispatcher->dispatch(Object(Illuminate\Routing\Route), Object(Illuminate\Http\Request), 'userController', 'login')
#15 [internal function]: Illuminate\Routing\Router->Illuminate\Routing\{closure}()
#16 D:\WWW\test\laravel-master\bootstrap\compiled.php(5385): call_user_func_array(Object(Closure), Array)
#17 D:\WWW\test\laravel-master\bootstrap\compiled.php(5052): Illuminate\Routing\Route->run(Object(Illuminate\Http\Request))
#18 D:\WWW\test\laravel-master\bootstrap\compiled.php(5040): Illuminate\Routing\Router->dispatchToRoute(Object(Illuminate\Http\Request))
#19 D:\WWW\test\laravel-master\bootstrap\compiled.php(715): Illuminate\Routing\Router->dispatch(Object(Illuminate\Http\Request))
#20 D:\WWW\test\laravel-master\bootstrap\compiled.php(696): Illuminate\Foundation\Application->dispatch(Object(Illuminate\Http\Request))
#21 D:\WWW\test\laravel-master\bootstrap\compiled.php(7812): Illuminate\Foundation\Application->handle(Object(Illuminate\Http\Request), 1, true)
#22 D:\WWW\test\laravel-master\bootstrap\compiled.php(8419): Illuminate\Session\Middleware->handle(Object(Illuminate\Http\Request), 1, true)
#23 D:\WWW\test\laravel-master\bootstrap\compiled.php(8366): Illuminate\Cookie\Queue->handle(Object(Illuminate\Http\Request), 1, true)
#24 D:\WWW\test\laravel-master\bootstrap\compiled.php(11029): Illuminate\Cookie\Guard->handle(Object(Illuminate\Http\Request), 1, true)
#25 D:\WWW\test\laravel-master\bootstrap\compiled.php(657): Stack\StackedHttpKernel->handle(Object(Illuminate\Http\Request))
#26 D:\WWW\test\laravel-master\public\index.php(49): Illuminate\Foundation\Application->run()
#27 {main}

Next exception 'Illuminate\Database\QueryException' with message 'SQLSTATE[42S02]: Base table or view not found: 1146 Table 'wordpress.users' doesn't exist (SQL: select * from users limit 15)' in D:\WWW\test\laravel-master\vendor\laravel\framework\src\Illuminate\Database\Connection.php:625
Stack trace:
#0 D:\WWW\test\laravel-master\vendor\laravel\framework\src\Illuminate\Database\Connection.php(581): Illuminate\Database\Connection->runQueryCallback('select * from u...', Array, Object(Closure))
#1 D:\WWW\test\laravel-master\vendor\laravel\framework\src\Illuminate\Database\Connection.php(304): Illuminate\Database\Connection->run('select * from u...', Array, Object(Closure))
#2 [internal function]: Illuminate\Database\Connection->select('select * from u...')
#3 D:\WWW\test\laravel-master\bootstrap\compiled.php(7664): call_user_func_array(Array, Array)
#4 D:\WWW\test\laravel-master\bootstrap\compiled.php(3259): Illuminate\Database\DatabaseManager->__call('select', Array)
#5 D:\WWW\test\laravel-master\bootstrap\compiled.php(3259): Illuminate\Database\DatabaseManager->select('select * from u...')
#6 D:\WWW\test\laravel-master\app\controllers\userController.php(20): Illuminate\Support\Facades\Facade::__callStatic('select', Array)
#7 D:\WWW\test\laravel-master\app\controllers\userController.php(20): Illuminate\Support\Facades\DB::select('select * from u...')
#8 [internal function]: UserController->login()
#9 D:\WWW\test\laravel-master\vendor\laravel\framework\src\Illuminate\Routing\Controller.php(231): call_user_func_array(Array, Array)
#10 D:\WWW\test\laravel-master\bootstrap\compiled.php(5834): Illuminate\Routing\Controller->callAction('login', Array)
#11 D:\WWW\test\laravel-master\bootstrap\compiled.php(5822): Illuminate\Routing\ControllerDispatcher->call(Object(UserController), Object(Illuminate\Routing\Route), 'login')
#12 D:\WWW\test\laravel-master\bootstrap\compiled.php(5027): Illuminate\Routing\ControllerDispatcher->dispatch(Object(Illuminate\Routing\Route), Object(Illuminate\Http\Request), 'userController', 'login')
#13 [internal function]: Illuminate\Routing\Router->Illuminate\Routing\{closure}()
#14 D:\WWW\test\laravel-master\bootstrap\compiled.php(5385): call_user_func_array(Object(Closure), Array)
#15 D:\WWW\test\laravel-master\bootstrap\compiled.php(5052): Illuminate\Routing\Route->run(Object(Illuminate\Http\Request))
#16 D:\WWW\test\laravel-master\bootstrap\compiled.php(5040): Illuminate\Routing\Router->dispatchToRoute(Object(Illuminate\Http\Request))
#17 D:\WWW\test\laravel-master\bootstrap\compiled.php(715): Illuminate\Routing\Router->dispatch(Object(Illuminate\Http\Request))
#18 D:\WWW\test\laravel-master\bootstrap\compiled.php(696): Illuminate\Foundation\Application->dispatch(Object(Illuminate\Http\Request))
#19 D:\WWW\test\laravel-master\bootstrap\compiled.php(7812): Illuminate\Foundation\Application->handle(Object(Illuminate\Http\Request), 1, true)
#20 D:\WWW\test\laravel-master\bootstrap\compiled.php(8419): Illuminate\Session\Middleware->handle(Object(Illuminate\Http\Request), 1, true)
#21 D:\WWW\test\laravel-master\bootstrap\compiled.php(8366): Illuminate\Cookie\Queue->handle(Object(Illuminate\Http\Request), 1, true)
#22 D:\WWW\test\laravel-master\bootstrap\compiled.php(11029): Illuminate\Cookie\Guard->handle(Object(Illuminate\Http\Request), 1, true)
#23 D:\WWW\test\laravel-master\bootstrap\compiled.php(657): Stack\StackedHttpKernel->handle(Object(Illuminate\Http\Request))
#24 D:\WWW\test\laravel-master\public\index.php(49): Illuminate\Foundation\Application->run()
#25 {main} [] []
[2015-01-16 07:16:32] production.ERROR: exception 'Symfony\Component\HttpKernel\Exception\NotFoundHttpException' in D:\WWW\test\laravel-master\bootstrap\compiled.php:5738
Stack trace:
#0 D:\WWW\test\laravel-master\bootstrap\compiled.php(5060): Illuminate\Routing\RouteCollection->match(Object(Illuminate\Http\Request))
#1 D:\WWW\test\laravel-master\bootstrap\compiled.php(5048): Illuminate\Routing\Router->findRoute(Object(Illuminate\Http\Request))
#2 D:\WWW\test\laravel-master\bootstrap\compiled.php(5040): Illuminate\Routing\Router->dispatchToRoute(Object(Illuminate\Http\Request))
#3 D:\WWW\test\laravel-master\bootstrap\compiled.php(715): Illuminate\Routing\Router->dispatch(Object(Illuminate\Http\Request))
#4 D:\WWW\test\laravel-master\bootstrap\compiled.php(696): Illuminate\Foundation\Application->dispatch(Object(Illuminate\Http\Request))
#5 D:\WWW\test\laravel-master\bootstrap\compiled.php(7812): Illuminate\Foundation\Application->handle(Object(Illuminate\Http\Request), 1, true)
#6 D:\WWW\test\laravel-master\bootstrap\compiled.php(8419): Illuminate\Session\Middleware->handle(Object(Illuminate\Http\Request), 1, true)
#7 D:\WWW\test\laravel-master\bootstrap\compiled.php(8366): Illuminate\Cookie\Queue->handle(Object(Illuminate\Http\Request), 1, true)
#8 D:\WWW\test\laravel-master\bootstrap\compiled.php(11029): Illuminate\Cookie\Guard->handle(Object(Illuminate\Http\Request), 1, true)
#9 D:\WWW\test\laravel-master\bootstrap\compiled.php(657): Stack\StackedHttpKernel->handle(Object(Illuminate\Http\Request))
#10 D:\WWW\test\laravel-master\public\index.php(49): Illuminate\Foundation\Application->run()
#11 {main} [] []
[2015-01-16 07:16:53] production.ERROR: exception 'PDOException' with message 'SQLSTATE[42S02]: Base table or view not found: 1146 Table 'jixiang.jx_client_user' doesn't exist' in D:\WWW\test\laravel-master\vendor\laravel\framework\src\Illuminate\Database\Connection.php:299
Stack trace:
#0 D:\WWW\test\laravel-master\vendor\laravel\framework\src\Illuminate\Database\Connection.php(299): PDO->prepare('select * from j...')
#1 D:\WWW\test\laravel-master\vendor\laravel\framework\src\Illuminate\Database\Connection.php(617): Illuminate\Database\Connection->Illuminate\Database\{closure}(Object(Illuminate\Database\MySqlConnection), 'select * from j...', Array)
#2 D:\WWW\test\laravel-master\vendor\laravel\framework\src\Illuminate\Database\Connection.php(581): Illuminate\Database\Connection->runQueryCallback('select * from j...', Array, Object(Closure))
#3 D:\WWW\test\laravel-master\vendor\laravel\framework\src\Illuminate\Database\Connection.php(304): Illuminate\Database\Connection->run('select * from j...', Array, Object(Closure))
#4 [internal function]: Illuminate\Database\Connection->select('select * from j...')
#5 D:\WWW\test\laravel-master\bootstrap\compiled.php(7664): call_user_func_array(Array, Array)
#6 D:\WWW\test\laravel-master\bootstrap\compiled.php(3259): Illuminate\Database\DatabaseManager->__call('select', Array)
#7 D:\WWW\test\laravel-master\bootstrap\compiled.php(3259): Illuminate\Database\DatabaseManager->select('select * from j...')
#8 D:\WWW\test\laravel-master\app\controllers\userController.php(20): Illuminate\Support\Facades\Facade::__callStatic('select', Array)
#9 D:\WWW\test\laravel-master\app\controllers\userController.php(20): Illuminate\Support\Facades\DB::select('select * from j...')
#10 [internal function]: UserController->login()
#11 D:\WWW\test\laravel-master\vendor\laravel\framework\src\Illuminate\Routing\Controller.php(231): call_user_func_array(Array, Array)
#12 D:\WWW\test\laravel-master\bootstrap\compiled.php(5834): Illuminate\Routing\Controller->callAction('login', Array)
#13 D:\WWW\test\laravel-master\bootstrap\compiled.php(5822): Illuminate\Routing\ControllerDispatcher->call(Object(UserController), Object(Illuminate\Routing\Route), 'login')
#14 D:\WWW\test\laravel-master\bootstrap\compiled.php(5027): Illuminate\Routing\ControllerDispatcher->dispatch(Object(Illuminate\Routing\Route), Object(Illuminate\Http\Request), 'userController', 'login')
#15 [internal function]: Illuminate\Routing\Router->Illuminate\Routing\{closure}()
#16 D:\WWW\test\laravel-master\bootstrap\compiled.php(5385): call_user_func_array(Object(Closure), Array)
#17 D:\WWW\test\laravel-master\bootstrap\compiled.php(5052): Illuminate\Routing\Route->run(Object(Illuminate\Http\Request))
#18 D:\WWW\test\laravel-master\bootstrap\compiled.php(5040): Illuminate\Routing\Router->dispatchToRoute(Object(Illuminate\Http\Request))
#19 D:\WWW\test\laravel-master\bootstrap\compiled.php(715): Illuminate\Routing\Router->dispatch(Object(Illuminate\Http\Request))
#20 D:\WWW\test\laravel-master\bootstrap\compiled.php(696): Illuminate\Foundation\Application->dispatch(Object(Illuminate\Http\Request))
#21 D:\WWW\test\laravel-master\bootstrap\compiled.php(7812): Illuminate\Foundation\Application->handle(Object(Illuminate\Http\Request), 1, true)
#22 D:\WWW\test\laravel-master\bootstrap\compiled.php(8419): Illuminate\Session\Middleware->handle(Object(Illuminate\Http\Request), 1, true)
#23 D:\WWW\test\laravel-master\bootstrap\compiled.php(8366): Illuminate\Cookie\Queue->handle(Object(Illuminate\Http\Request), 1, true)
#24 D:\WWW\test\laravel-master\bootstrap\compiled.php(11029): Illuminate\Cookie\Guard->handle(Object(Illuminate\Http\Request), 1, true)
#25 D:\WWW\test\laravel-master\bootstrap\compiled.php(657): Stack\StackedHttpKernel->handle(Object(Illuminate\Http\Request))
#26 D:\WWW\test\laravel-master\public\index.php(49): Illuminate\Foundation\Application->run()
#27 {main}

Next exception 'Illuminate\Database\QueryException' with message 'SQLSTATE[42S02]: Base table or view not found: 1146 Table 'jixiang.jx_client_user' doesn't exist (SQL: select * from jx_client_user limit 15)' in D:\WWW\test\laravel-master\vendor\laravel\framework\src\Illuminate\Database\Connection.php:625
Stack trace:
#0 D:\WWW\test\laravel-master\vendor\laravel\framework\src\Illuminate\Database\Connection.php(581): Illuminate\Database\Connection->runQueryCallback('select * from j...', Array, Object(Closure))
#1 D:\WWW\test\laravel-master\vendor\laravel\framework\src\Illuminate\Database\Connection.php(304): Illuminate\Database\Connection->run('select * from j...', Array, Object(Closure))
#2 [internal function]: Illuminate\Database\Connection->select('select * from j...')
#3 D:\WWW\test\laravel-master\bootstrap\compiled.php(7664): call_user_func_array(Array, Array)
#4 D:\WWW\test\laravel-master\bootstrap\compiled.php(3259): Illuminate\Database\DatabaseManager->__call('select', Array)
#5 D:\WWW\test\laravel-master\bootstrap\compiled.php(3259): Illuminate\Database\DatabaseManager->select('select * from j...')
#6 D:\WWW\test\laravel-master\app\controllers\userController.php(20): Illuminate\Support\Facades\Facade::__callStatic('select', Array)
#7 D:\WWW\test\laravel-master\app\controllers\userController.php(20): Illuminate\Support\Facades\DB::select('select * from j...')
#8 [internal function]: UserController->login()
#9 D:\WWW\test\laravel-master\vendor\laravel\framework\src\Illuminate\Routing\Controller.php(231): call_user_func_array(Array, Array)
#10 D:\WWW\test\laravel-master\bootstrap\compiled.php(5834): Illuminate\Routing\Controller->callAction('login', Array)
#11 D:\WWW\test\laravel-master\bootstrap\compiled.php(5822): Illuminate\Routing\ControllerDispatcher->call(Object(UserController), Object(Illuminate\Routing\Route), 'login')
#12 D:\WWW\test\laravel-master\bootstrap\compiled.php(5027): Illuminate\Routing\ControllerDispatcher->dispatch(Object(Illuminate\Routing\Route), Object(Illuminate\Http\Request), 'userController', 'login')
#13 [internal function]: Illuminate\Routing\Router->Illuminate\Routing\{closure}()
#14 D:\WWW\test\laravel-master\bootstrap\compiled.php(5385): call_user_func_array(Object(Closure), Array)
#15 D:\WWW\test\laravel-master\bootstrap\compiled.php(5052): Illuminate\Routing\Route->run(Object(Illuminate\Http\Request))
#16 D:\WWW\test\laravel-master\bootstrap\compiled.php(5040): Illuminate\Routing\Router->dispatchToRoute(Object(Illuminate\Http\Request))
#17 D:\WWW\test\laravel-master\bootstrap\compiled.php(715): Illuminate\Routing\Router->dispatch(Object(Illuminate\Http\Request))
#18 D:\WWW\test\laravel-master\bootstrap\compiled.php(696): Illuminate\Foundation\Application->dispatch(Object(Illuminate\Http\Request))
#19 D:\WWW\test\laravel-master\bootstrap\compiled.php(7812): Illuminate\Foundation\Application->handle(Object(Illuminate\Http\Request), 1, true)
#20 D:\WWW\test\laravel-master\bootstrap\compiled.php(8419): Illuminate\Session\Middleware->handle(Object(Illuminate\Http\Request), 1, true)
#21 D:\WWW\test\laravel-master\bootstrap\compiled.php(8366): Illuminate\Cookie\Queue->handle(Object(Illuminate\Http\Request), 1, true)
#22 D:\WWW\test\laravel-master\bootstrap\compiled.php(11029): Illuminate\Cookie\Guard->handle(Object(Illuminate\Http\Request), 1, true)
#23 D:\WWW\test\laravel-master\bootstrap\compiled.php(657): Stack\StackedHttpKernel->handle(Object(Illuminate\Http\Request))
#24 D:\WWW\test\laravel-master\public\index.php(49): Illuminate\Foundation\Application->run()
#25 {main} [] []
[2015-01-16 07:18:20] production.ERROR: exception 'ErrorException' with message 'Argument 1 passed to Illuminate\Database\Connection::prepareBindings() must be of the type array, string given, called in D:\WWW\test\laravel-master\vendor\laravel\framework\src\Illuminate\Database\Connection.php on line 626 and defined' in D:\WWW\test\laravel-master\vendor\laravel\framework\src\Illuminate\Database\Connection.php:419
Stack trace:
#0 D:\WWW\test\laravel-master\vendor\laravel\framework\src\Illuminate\Database\Connection.php(419): Illuminate\Exception\Handler->handleError(4096, 'Argument 1 pass...', 'D:\\WWW\\test\\lar...', 419, Array)
#1 D:\WWW\test\laravel-master\vendor\laravel\framework\src\Illuminate\Database\Connection.php(626): Illuminate\Database\Connection->prepareBindings('13426259307')
#2 D:\WWW\test\laravel-master\vendor\laravel\framework\src\Illuminate\Database\Connection.php(581): Illuminate\Database\Connection->runQueryCallback('select * from j...', '13426259307', Object(Closure))
#3 D:\WWW\test\laravel-master\vendor\laravel\framework\src\Illuminate\Database\Connection.php(304): Illuminate\Database\Connection->run('select * from j...', '13426259307', Object(Closure))
#4 [internal function]: Illuminate\Database\Connection->select('select * from j...', '13426259307', 'e10adc3949ba59a...')
#5 D:\WWW\test\laravel-master\bootstrap\compiled.php(7664): call_user_func_array(Array, Array)
#6 D:\WWW\test\laravel-master\bootstrap\compiled.php(3263): Illuminate\Database\DatabaseManager->__call('select', Array)
#7 D:\WWW\test\laravel-master\bootstrap\compiled.php(3263): Illuminate\Database\DatabaseManager->select('select * from j...', '13426259307', 'e10adc3949ba59a...')
#8 D:\WWW\test\laravel-master\app\controllers\userController.php(22): Illuminate\Support\Facades\Facade::__callStatic('select', Array)
#9 D:\WWW\test\laravel-master\app\controllers\userController.php(22): Illuminate\Support\Facades\DB::select('select * from j...', '13426259307', 'e10adc3949ba59a...')
#10 [internal function]: UserController->login()
#11 D:\WWW\test\laravel-master\vendor\laravel\framework\src\Illuminate\Routing\Controller.php(231): call_user_func_array(Array, Array)
#12 D:\WWW\test\laravel-master\bootstrap\compiled.php(5834): Illuminate\Routing\Controller->callAction('login', Array)
#13 D:\WWW\test\laravel-master\bootstrap\compiled.php(5822): Illuminate\Routing\ControllerDispatcher->call(Object(UserController), Object(Illuminate\Routing\Route), 'login')
#14 D:\WWW\test\laravel-master\bootstrap\compiled.php(5027): Illuminate\Routing\ControllerDispatcher->dispatch(Object(Illuminate\Routing\Route), Object(Illuminate\Http\Request), 'userController', 'login')
#15 [internal function]: Illuminate\Routing\Router->Illuminate\Routing\{closure}()
#16 D:\WWW\test\laravel-master\bootstrap\compiled.php(5385): call_user_func_array(Object(Closure), Array)
#17 D:\WWW\test\laravel-master\bootstrap\compiled.php(5052): Illuminate\Routing\Route->run(Object(Illuminate\Http\Request))
#18 D:\WWW\test\laravel-master\bootstrap\compiled.php(5040): Illuminate\Routing\Router->dispatchToRoute(Object(Illuminate\Http\Request))
#19 D:\WWW\test\laravel-master\bootstrap\compiled.php(715): Illuminate\Routing\Router->dispatch(Object(Illuminate\Http\Request))
#20 D:\WWW\test\laravel-master\bootstrap\compiled.php(696): Illuminate\Foundation\Application->dispatch(Object(Illuminate\Http\Request))
#21 D:\WWW\test\laravel-master\bootstrap\compiled.php(7812): Illuminate\Foundation\Application->handle(Object(Illuminate\Http\Request), 1, true)
#22 D:\WWW\test\laravel-master\bootstrap\compiled.php(8419): Illuminate\Session\Middleware->handle(Object(Illuminate\Http\Request), 1, true)
#23 D:\WWW\test\laravel-master\bootstrap\compiled.php(8366): Illuminate\Cookie\Queue->handle(Object(Illuminate\Http\Request), 1, true)
#24 D:\WWW\test\laravel-master\bootstrap\compiled.php(11029): Illuminate\Cookie\Guard->handle(Object(Illuminate\Http\Request), 1, true)
#25 D:\WWW\test\laravel-master\bootstrap\compiled.php(657): Stack\StackedHttpKernel->handle(Object(Illuminate\Http\Request))
#26 D:\WWW\test\laravel-master\public\index.php(49): Illuminate\Foundation\Application->run()
#27 {main} [] []
[2015-01-16 07:30:53] production.ERROR: exception 'Symfony\Component\Debug\Exception\FatalErrorException' with message 'Call to a member function row() on a non-object' in D:\WWW\test\laravel-master\app\controllers\userController.php:22
Stack trace:
#0 [internal function]: Illuminate\Exception\Handler->handleShutdown()
#1 {main} [] []
